android/build/intermediates/manifest_merge_blame_file/debug/manifest-merger-blame-debug-report.txt
1<?xml version="1.0" encoding="utf-8"?>
2<manifest xmlns:android="http://schemas.android.com/apk/res/android"
3    package="com.supersami.foregroundservice" >
4
5    <uses-sdk android:minSdkVersion="23" />
6
7    <uses-permission android:name="android.permission.FOREGROUND_SERVICE" />
7-->src\main\AndroidManifest.xml:5:5-77
7-->src\main\AndroidManifest.xml:5:22-74
8    <uses-permission android:name="android.permission.WAKE_LOCK" />
8-->src\main\AndroidManifest.xml:6:5-68
8-->src\main\AndroidManifest.xml:6:22-65
9
10    <application>
10-->src\main\AndroidManifest.xml:7:9-19:23
11        <activity
11-->src\main\AndroidManifest.xml:9:9-18:20
12            android:name="com.supersami.foregroundservice.MainActivity"
12-->src\main\AndroidManifest.xml:10:13-41
13            android:configChanges="keyboard|keyboardHidden|orientation|screenSize"
13-->src\main\AndroidManifest.xml:12:13-83
14            android:exported="true"
14-->src\main\AndroidManifest.xml:14:14-37
15            android:launchMode="singleTask"
15-->src\main\AndroidManifest.xml:11:13-44
16            android:windowSoftInputMode="adjustResize" >
16-->src\main\AndroidManifest.xml:13:13-55
17            <intent-filter>
17-->src\main\AndroidManifest.xml:15:13-17:29
18                <action android:name="android.intent.action.MAIN" />
18-->src\main\AndroidManifest.xml:16:17-69
18-->src\main\AndroidManifest.xml:16:25-66
19            </intent-filter>
20        </activity>
21    </application>
22
23</manifest>